Started GET "/" for ::1 at 2024-02-04 22:55:07 +0900
Processing by Rails::WelcomeController#index as HTML
  Rendering /Users/akimari/.rbenv/versions/3.1.2/lib/ruby/gems/3.1.0/gems/railties-7.0.8/lib/rails/templates/rails/welcome/index.html.erb
  Rendered /Users/akimari/.rbenv/versions/3.1.2/lib/ruby/gems/3.1.0/gems/railties-7.0.8/lib/rails/templates/rails/welcome/index.html.erb (Duration: 3.8ms | Allocations: 636)
Completed 200 OK in 56ms (Views: 13.6ms | ActiveRecord: 0.0ms | Allocations: 7094)


Started GET "/home/top" for ::1 at 2024-02-04 22:59:27 +0900
Processing by HomeController#top as HTML
  Rendering layout layouts/application.html.erb
  Rendering home/top.html.erb within layouts/application
  Rendered home/top.html.erb within layouts/application (Duration: 1.8ms | Allocations: 342)
  Rendered layout layouts/application.html.erb (Duration: 1097.5ms | Allocations: 83393)
Completed 200 OK in 1117ms (Views: 1103.6ms | ActiveRecord: 0.0ms | Allocations: 87524)


Started GET "/about" for ::1 at 2024-02-04 23:07:33 +0900
Processing by HomeController#about as HTML
  Rendering layout layouts/application.html.erb
  Rendering home/about.html.erb within layouts/application
  Rendered home/about.html.erb within layouts/application (Duration: 1.2ms | Allocations: 343)
  Rendered layout layouts/application.html.erb (Duration: 163.6ms | Allocations: 33165)
Completed 200 OK in 183ms (Views: 169.6ms | ActiveRecord: 0.0ms | Allocations: 37297)


Started GET "/home" for ::1 at 2024-02-04 23:09:51 +0900
  
ActionController::RoutingError (No route matches [GET] "/home"):
  
Started GET "/top" for ::1 at 2024-02-04 23:09:59 +0900
Processing by HomeController#top as HTML
  Rendering layout layouts/application.html.erb
  Rendering home/top.html.erb within layouts/application
  Rendered home/top.html.erb within layouts/application (Duration: 1.6ms | Allocations: 138)
  Rendered layout layouts/application.html.erb (Duration: 59.9ms | Allocations: 5791)
Completed 200 OK in 71ms (Views: 69.0ms | ActiveRecord: 0.0ms | Allocations: 6668)


Started GET "/top" for ::1 at 2024-02-04 23:13:49 +0900
Processing by HomeController#top as HTML
  Rendering layout layouts/application.html.erb
  Rendering home/top.html.erb within layouts/application
  Rendered home/top.html.erb within layouts/application (Duration: 1.0ms | Allocations: 137)
  Rendered layout layouts/application.html.erb (Duration: 24.2ms | Allocations: 4908)
Completed 200 OK in 29ms (Views: 27.1ms | ActiveRecord: 0.0ms | Allocations: 5838)


Started GET "/top" for ::1 at 2024-02-04 23:15:49 +0900
  
ActionController::RoutingError (No route matches [GET] "/top"):
  
Started GET "/top" for ::1 at 2024-02-04 23:16:25 +0900
  
ActionController::RoutingError (No route matches [GET] "/top"):
  
Started GET "/" for ::1 at 2024-02-04 23:16:30 +0900
Processing by HomeController#top as HTML
  Rendering layout layouts/application.html.erb
  Rendering home/top.html.erb within layouts/application
  Rendered home/top.html.erb within layouts/application (Duration: 0.8ms | Allocations: 144)
  Rendered layout layouts/application.html.erb (Duration: 153.9ms | Allocations: 38602)
Completed 200 OK in 166ms (Views: 156.4ms | ActiveRecord: 0.0ms | Allocations: 40908)


Started GET "/about" for ::1 at 2024-02-04 23:16:34 +0900
Processing by HomeController#about as HTML
  Rendering layout layouts/application.html.erb
  Rendering home/about.html.erb within layouts/application
  Rendered home/about.html.erb within layouts/application (Duration: 1.3ms | Allocations: 117)
  Rendered layout layouts/application.html.erb (Duration: 5.8ms | Allocations: 1648)
Completed 200 OK in 7ms (Views: 6.3ms | ActiveRecord: 0.0ms | Allocations: 1984)


Started GET "/" for ::1 at 2024-02-04 23:16:36 +0900
Processing by HomeController#top as HTML
  Rendering layout layouts/application.html.erb
  Rendering home/top.html.erb within layouts/application
  Rendered home/top.html.erb within layouts/application (Duration: 0.1ms | Allocations: 7)
  Rendered layout layouts/application.html.erb (Duration: 7.1ms | Allocations: 1548)
Completed 200 OK in 9ms (Views: 8.1ms | ActiveRecord: 0.0ms | Allocations: 1812)


Started GET "/" for ::1 at 2024-02-04 23:16:37 +0900
Processing by HomeController#top as HTML
  Rendering layout layouts/application.html.erb
  Rendering home/top.html.erb within layouts/application
  Rendered home/top.html.erb within layouts/application (Duration: 0.1ms | Allocations: 7)
  Rendered layout layouts/application.html.erb (Duration: 5.6ms | Allocations: 1542)
Completed 200 OK in 8ms (Views: 7.0ms | ActiveRecord: 0.0ms | Allocations: 1806)


Started GET "/about" for ::1 at 2024-02-04 23:16:38 +0900
Processing by HomeController#about as HTML
  Rendering layout layouts/application.html.erb
  Rendering home/about.html.erb within layouts/application
  Rendered home/about.html.erb within layouts/application (Duration: 0.1ms | Allocations: 7)
  Rendered layout layouts/application.html.erb (Duration: 7.1ms | Allocations: 1547)
Completed 200 OK in 10ms (Views: 8.3ms | ActiveRecord: 0.0ms | Allocations: 1808)


Started GET "/" for ::1 at 2024-02-04 23:23:20 +0900
Processing by HomeController#top as HTML
  Rendering layout layouts/application.html.erb
  Rendering home/top.html.erb within layouts/application
  Rendered home/top.html.erb within layouts/application (Duration: 1.5ms | Allocations: 355)
  Rendered layout layouts/application.html.erb (Duration: 240.5ms | Allocations: 42569)
Completed 200 OK in 261ms (Views: 246.7ms | ActiveRecord: 0.0ms | Allocations: 46716)


Started GET "/posts/index" for ::1 at 2024-02-04 23:23:36 +0900
Processing by PostsController#index as HTML
  Rendering layout layouts/application.html.erb
  Rendering posts/index.html.erb within layouts/application
  Rendered posts/index.html.erb within layouts/application (Duration: 1.7ms | Allocations: 147)
  Rendered layout layouts/application.html.erb (Duration: 8.3ms | Allocations: 2040)
Completed 200 OK in 12ms (Views: 10.6ms | ActiveRecord: 0.0ms | Allocations: 2816)


Started GET "/posts/index" for ::1 at 2024-02-04 23:24:37 +0900
Processing by PostsController#index as HTML
  Rendering layout layouts/application.html.erb
  Rendering posts/index.html.erb within layouts/application
  Rendered posts/index.html.erb within layouts/application (Duration: 0.8ms | Allocations: 234)
  Rendered layout layouts/application.html.erb (Duration: 6.2ms | Allocations: 2308)
Completed 200 OK in 11ms (Views: 9.5ms | ActiveRecord: 0.0ms | Allocations: 3249)


Started GET "/posts/index" for ::1 at 2024-02-04 23:24:38 +0900
Processing by PostsController#index as HTML
  Rendering layout layouts/application.html.erb
  Rendering posts/index.html.erb within layouts/application
  Rendered posts/index.html.erb within layouts/application (Duration: 0.1ms | Allocations: 11)
  Rendered layout layouts/application.html.erb (Duration: 5.2ms | Allocations: 1619)
Completed 200 OK in 7ms (Views: 5.8ms | ActiveRecord: 0.0ms | Allocations: 1899)


Started GET "/posts/index" for ::1 at 2024-02-04 23:25:34 +0900
Processing by PostsController#index as HTML
  Rendering layout layouts/application.html.erb
  Rendering posts/index.html.erb within layouts/application
  Rendered posts/index.html.erb within layouts/application (Duration: 0.9ms | Allocations: 311)
  Rendered layout layouts/application.html.erb (Duration: 6.7ms | Allocations: 2368)
Completed 200 OK in 13ms (Views: 9.9ms | ActiveRecord: 0.0ms | Allocations: 3281)


Started GET "/posts/index" for ::1 at 2024-02-04 23:25:36 +0900
Processing by PostsController#index as HTML
  Rendering layout layouts/application.html.erb
  Rendering posts/index.html.erb within layouts/application
  Rendered posts/index.html.erb within layouts/application (Duration: 0.1ms | Allocations: 12)
  Rendered layout layouts/application.html.erb (Duration: 3.5ms | Allocations: 1613)
Completed 200 OK in 5ms (Views: 4.0ms | ActiveRecord: 0.0ms | Allocations: 1890)


Started GET "/" for ::1 at 2024-02-04 23:25:38 +0900
Processing by HomeController#top as HTML
  Rendering layout layouts/application.html.erb
  Rendering home/top.html.erb within layouts/application
  Rendered home/top.html.erb within layouts/application (Duration: 0.7ms | Allocations: 139)
  Rendered layout layouts/application.html.erb (Duration: 5.8ms | Allocations: 2033)
Completed 200 OK in 9ms (Views: 7.9ms | ActiveRecord: 0.0ms | Allocations: 2674)


Started GET "/about" for ::1 at 2024-02-04 23:25:39 +0900
Processing by HomeController#about as HTML
  Rendering layout layouts/application.html.erb
  Rendering home/about.html.erb within layouts/application
  Rendered home/about.html.erb within layouts/application (Duration: 1.8ms | Allocations: 116)
  Rendered layout layouts/application.html.erb (Duration: 6.7ms | Allocations: 1730)
Completed 200 OK in 9ms (Views: 7.6ms | ActiveRecord: 0.0ms | Allocations: 2081)


Started GET "/" for ::1 at 2024-02-04 23:25:43 +0900
Processing by HomeController#top as HTML
  Rendering layout layouts/application.html.erb
  Rendering home/top.html.erb within layouts/application
  Rendered home/top.html.erb within layouts/application (Duration: 0.0ms | Allocations: 7)
  Rendered layout layouts/application.html.erb (Duration: 3.8ms | Allocations: 1615)
Completed 200 OK in 6ms (Views: 4.5ms | ActiveRecord: 0.0ms | Allocations: 1876)


Started GET "/posts/index" for ::1 at 2024-02-04 23:27:08 +0900
Processing by PostsController#index as HTML
  Rendering layout layouts/application.html.erb
  Rendering posts/index.html.erb within layouts/application
  Rendered posts/index.html.erb within layouts/application (Duration: 1.2ms | Allocations: 216)
  Rendered layout layouts/application.html.erb (Duration: 25.6ms | Allocations: 15877)
Completed 200 OK in 30ms (Views: 27.7ms | ActiveRecord: 0.0ms | Allocations: 16928)


Started GET "/posts/index" for ::1 at 2024-02-04 23:31:36 +0900
  [1m[35m (4.5ms)[0m  [1m[35mCREATE TABLE "schema_migrations" ("version" varchar NOT NULL PRIMARY KEY)[0m
  [1m[35m (3.1ms)[0m  [1m[35mCREATE TABLE "ar_internal_metadata" ("key" varchar NOT NULL PRIMARY KEY, "value" varchar, "created_at" datetime(6) NOT NULL, "updated_at" datetime(6) NOT NULL)[0m
  [1m[36mActiveRecord::SchemaMigration Pluck (0.2ms)[0m  [1m[34mSELECT "schema_migrations"."version" FROM "schema_migrations" ORDER BY "schema_migrations"."version" ASC[0m
  
ActiveRecord::PendingMigrationError (

Migrations are pending. To resolve this issue, run:

        bin/rails db:migrate RAILS_ENV=development

You have 1 pending migration:

20240204142752_create_posts.rb


):
  
activerecord (7.0.8) lib/active_record/migration.rb:662:in `check_pending!'
activerecord (7.0.8) lib/active_record/migration.rb:627:in `block (2 levels) in call'
activesupport (7.0.8) lib/active_support/file_update_checker.rb:83:in `execute'
activerecord (7.0.8) lib/active_record/migration.rb:632:in `block in call'
activerecord (7.0.8) lib/active_record/migration.rb:624:in `synchronize'
activerecord (7.0.8) lib/active_record/migration.rb:624:in `call'
actionpack (7.0.8) lib/action_dispatch/middleware/callbacks.rb:27:in `block in call'
activesupport (7.0.8) lib/active_support/callbacks.rb:99:in `run_callbacks'
actionpack (7.0.8) lib/action_dispatch/middleware/callbacks.rb:26:in `call'
actionpack (7.0.8) lib/action_dispatch/middleware/executor.rb:14:in `call'
actionpack (7.0.8) lib/action_dispatch/middleware/actionable_exceptions.rb:17:in `call'
actionpack (7.0.8) lib/action_dispatch/middleware/debug_exceptions.rb:28:in `call'
web-console (4.2.1) lib/web_console/middleware.rb:132:in `call_app'
web-console (4.2.1) lib/web_console/middleware.rb:28:in `block in call'
web-console (4.2.1) lib/web_console/middleware.rb:17:in `catch'
web-console (4.2.1) lib/web_console/middleware.rb:17:in `call'
actionpack (7.0.8) lib/action_dispatch/middleware/show_exceptions.rb:29:in `call'
railties (7.0.8) lib/rails/rack/logger.rb:40:in `call_app'
railties (7.0.8) lib/rails/rack/logger.rb:25:in `block in call'
activesupport (7.0.8) lib/active_support/tagged_logging.rb:99:in `block in tagged'
activesupport (7.0.8) lib/active_support/tagged_logging.rb:37:in `tagged'
activesupport (7.0.8) lib/active_support/tagged_logging.rb:99:in `tagged'
railties (7.0.8) lib/rails/rack/logger.rb:25:in `call'
sprockets-rails (3.4.2) lib/sprockets/rails/quiet_assets.rb:13:in `call'
actionpack (7.0.8) lib/action_dispatch/middleware/remote_ip.rb:93:in `call'
actionpack (7.0.8) lib/action_dispatch/middleware/request_id.rb:26:in `call'
rack (2.2.8) lib/rack/method_override.rb:24:in `call'
rack (2.2.8) lib/rack/runtime.rb:22:in `call'
activesupport (7.0.8) lib/active_support/cache/strategy/local_cache_middleware.rb:29:in `call'
actionpack (7.0.8) lib/action_dispatch/middleware/server_timing.rb:61:in `block in call'
actionpack (7.0.8) lib/action_dispatch/middleware/server_timing.rb:26:in `collect_events'
actionpack (7.0.8) lib/action_dispatch/middleware/server_timing.rb:60:in `call'
actionpack (7.0.8) lib/action_dispatch/middleware/executor.rb:14:in `call'
actionpack (7.0.8) lib/action_dispatch/middleware/static.rb:23:in `call'
rack (2.2.8) lib/rack/sendfile.rb:110:in `call'
actionpack (7.0.8) lib/action_dispatch/middleware/host_authorization.rb:138:in `call'
railties (7.0.8) lib/rails/engine.rb:530:in `call'
puma (5.6.8) lib/puma/configuration.rb:252:in `call'
puma (5.6.8) lib/puma/request.rb:77:in `block in handle_request'
puma (5.6.8) lib/puma/thread_pool.rb:340:in `with_force_shutdown'
puma (5.6.8) lib/puma/request.rb:76:in `handle_request'
puma (5.6.8) lib/puma/server.rb:443:in `process_client'
puma (5.6.8) lib/puma/thread_pool.rb:147:in `block in spawn_thread'
  [1m[36mActiveRecord::SchemaMigration Pluck (0.1ms)[0m  [1m[34mSELECT "schema_migrations"."version" FROM "schema_migrations" ORDER BY "schema_migrations"."version" ASC[0m
Migrating to CreatePosts (20240204142752)
  [1m[36mTRANSACTION (0.1ms)[0m  [1m[36mbegin transaction[0m
  [1m[35m (0.9ms)[0m  [1m[35mCREATE TABLE "posts" ("id" integer PRIMARY KEY AUTOINCREMENT NOT NULL, "content" text, "created_at" datetime(6) NOT NULL, "updated_at" datetime(6) NOT NULL)[0m
  [1m[36mActiveRecord::SchemaMigration Create (0.6ms)[0m  [1m[32mINSERT INTO "schema_migrations" ("version") VALUES (?)[0m  [["version", "20240204142752"]]
  [1m[36mTRANSACTION (0.8ms)[0m  [1m[36mcommit transaction[0m
  [1m[36mActiveRecord::InternalMetadata Load (0.2ms)[0m  [1m[34mSELECT "ar_internal_metadata".* FROM "ar_internal_metadata" WHERE "ar_internal_metadata"."key" = ? LIMIT ?[0m  [["key", "environment"], ["LIMIT", 1]]
  [1m[36mTRANSACTION (0.0ms)[0m  [1m[36mbegin transaction[0m
  [1m[36mActiveRecord::InternalMetadata Create (0.9ms)[0m  [1m[32mINSERT INTO "ar_internal_metadata" ("key", "value", "created_at", "updated_at") VALUES (?, ?, ?, ?)[0m  [["key", "environment"], ["value", "development"], ["created_at", "2024-02-04 14:32:26.654722"], ["updated_at", "2024-02-04 14:32:26.654722"]]
  [1m[36mTRANSACTION (0.9ms)[0m  [1m[36mcommit transaction[0m
  [1m[36mActiveRecord::SchemaMigration Pluck (0.1ms)[0m  [1m[34mSELECT "schema_migrations"."version" FROM "schema_migrations" ORDER BY "schema_migrations"."version" ASC[0m
Started GET "/posts/index" for ::1 at 2024-02-04 23:33:18 +0900
  [1m[36mActiveRecord::SchemaMigration Pluck (0.1ms)[0m  [1m[34mSELECT "schema_migrations"."version" FROM "schema_migrations" ORDER BY "schema_migrations"."version" ASC[0m
Processing by PostsController#index as HTML
  Rendering layout layouts/application.html.erb
  Rendering posts/index.html.erb within layouts/application
  Rendered posts/index.html.erb within layouts/application (Duration: 1.0ms | Allocations: 442)
  Rendered layout layouts/application.html.erb (Duration: 129.2ms | Allocations: 34428)
Completed 200 OK in 143ms (Views: 133.7ms | ActiveRecord: 0.0ms | Allocations: 38579)


  [1m[36mTRANSACTION (0.1ms)[0m  [1m[36mbegin transaction[0m
  [1m[36mPost Create (1.7ms)[0m  [1m[32mINSERT INTO "posts" ("content", "created_at", "updated_at") VALUES (?, ?, ?)[0m  [["content", "今日からProgateでRailsの勉強するよー！"], ["created_at", "2024-02-04 14:38:31.689788"], ["updated_at", "2024-02-04 14:38:31.689788"]]
  [1m[36mTRANSACTION (1.3ms)[0m  [1m[36mcommit transaction[0m
  [1m[36mTRANSACTION (0.1ms)[0m  [1m[36mbegin transaction[0m
  [1m[36mPost Create (0.5ms)[0m  [1m[32mINSERT INTO "posts" ("content", "created_at", "updated_at") VALUES (?, ?, ?)[0m  [["content", "投稿一覧ページ作成中！"], ["created_at", "2024-02-04 14:38:46.408209"], ["updated_at", "2024-02-04 14:38:46.408209"]]
  [1m[36mTRANSACTION (0.8ms)[0m  [1m[36mcommit transaction[0m
  [1m[36mPost Load (1.1ms)[0m  [1m[34mSELECT "posts".* FROM "posts" ORDER BY "posts"."id" ASC LIMIT ?[0m  [["LIMIT", 1]]
  [1m[36mPost Load (1.4ms)[0m  [1m[34mSELECT "posts".* FROM "posts"[0m
  [1m[36mTRANSACTION (0.1ms)[0m  [1m[36mbegin transaction[0m
  [1m[36mPost Create (29.0ms)[0m  [1m[32mINSERT INTO "posts" ("content", "created_at", "updated_at") VALUES (?, ?, ?)[0m  [["content", "やっぱりプログラミングは楽しい！"], ["created_at", "2024-02-04 14:45:01.620476"], ["updated_at", "2024-02-04 14:45:01.620476"]]
  [1m[36mTRANSACTION (1.1ms)[0m  [1m[36mcommit transaction[0m
Started GET "/posts/index" for ::1 at 2024-02-04 23:45:30 +0900
  [1m[36mActiveRecord::SchemaMigration Pluck (1.6ms)[0m  [1m[34mSELECT "schema_migrations"."version" FROM "schema_migrations" ORDER BY "schema_migrations"."version" ASC[0m
Processing by PostsController#index as HTML
  Rendering layout layouts/application.html.erb
  Rendering posts/index.html.erb within layouts/application
  [1m[36mPost Load (0.1ms)[0m  [1m[34mSELECT "posts".* FROM "posts"[0m
  ↳ app/views/posts/index.html.erb:14
  Rendered posts/index.html.erb within layouts/application (Duration: 60.5ms | Allocations: 5077)
  Rendered layout layouts/application.html.erb (Duration: 139.9ms | Allocations: 38957)
Completed 200 OK in 156ms (Views: 143.4ms | ActiveRecord: 0.5ms | Allocations: 43841)


Started GET "/posts/index" for ::1 at 2024-02-04 23:50:32 +0900
  [1m[36mActiveRecord::SchemaMigration Pluck (0.6ms)[0m  [1m[34mSELECT "schema_migrations"."version" FROM "schema_migrations" ORDER BY "schema_migrations"."version" ASC[0m
Processing by PostsController#index as HTML
  Rendering layout layouts/application.html.erb
  Rendering posts/index.html.erb within layouts/application
  [1m[36mPost Load (0.7ms)[0m  [1m[34mSELECT "posts".* FROM "posts"[0m
  ↳ app/views/posts/index.html.erb:3
  Rendered posts/index.html.erb within layouts/application (Duration: 74.5ms | Allocations: 5061)
  Rendered layout layouts/application.html.erb (Duration: 168.0ms | Allocations: 26133)
Completed 200 OK in 190ms (Views: 171.9ms | ActiveRecord: 1.4ms | Allocations: 31017)


Started GET "/" for ::1 at 2024-02-04 23:50:39 +0900
Processing by HomeController#top as HTML
  Rendering layout layouts/application.html.erb
  Rendering home/top.html.erb within layouts/application
  Rendered home/top.html.erb within layouts/application (Duration: 2.1ms | Allocations: 130)
  Rendered layout layouts/application.html.erb (Duration: 9.4ms | Allocations: 3173)
Completed 200 OK in 13ms (Views: 12.2ms | ActiveRecord: 0.0ms | Allocations: 3950)


Started GET "/" for ::1 at 2024-02-04 23:50:41 +0900
Processing by HomeController#top as HTML
  Rendering layout layouts/application.html.erb
  Rendering home/top.html.erb within layouts/application
  Rendered home/top.html.erb within layouts/application (Duration: 0.0ms | Allocations: 7)
  Rendered layout layouts/application.html.erb (Duration: 6.9ms | Allocations: 2741)
Completed 200 OK in 8ms (Views: 7.5ms | ActiveRecord: 0.0ms | Allocations: 3020)


Started GET "/about" for ::1 at 2024-02-04 23:50:43 +0900
Processing by HomeController#about as HTML
  Rendering layout layouts/application.html.erb
  Rendering home/about.html.erb within layouts/application
  Rendered home/about.html.erb within layouts/application (Duration: 0.8ms | Allocations: 107)
  Rendered layout layouts/application.html.erb (Duration: 6.5ms | Allocations: 2857)
Completed 200 OK in 8ms (Views: 7.0ms | ActiveRecord: 0.0ms | Allocations: 3188)


Started GET "/posts/index" for ::1 at 2024-02-04 23:50:45 +0900
Processing by PostsController#index as HTML
  Rendering layout layouts/application.html.erb
  Rendering posts/index.html.erb within layouts/application
  [1m[36mPost Load (0.1ms)[0m  [1m[34mSELECT "posts".* FROM "posts"[0m
  ↳ app/views/posts/index.html.erb:3
  Rendered posts/index.html.erb within layouts/application (Duration: 1.3ms | Allocations: 656)
  Rendered layout layouts/application.html.erb (Duration: 10.1ms | Allocations: 3418)
Completed 200 OK in 11ms (Views: 10.7ms | ActiveRecord: 0.1ms | Allocations: 3702)


Started GET "/" for ::1 at 2024-02-04 23:50:46 +0900
Processing by HomeController#top as HTML
  Rendering layout layouts/application.html.erb
  Rendering home/top.html.erb within layouts/application
  Rendered home/top.html.erb within layouts/application (Duration: 0.0ms | Allocations: 7)
  Rendered layout layouts/application.html.erb (Duration: 5.6ms | Allocations: 2772)
Completed 200 OK in 8ms (Views: 6.3ms | ActiveRecord: 0.0ms | Allocations: 3031)


  [1m[36mTRANSACTION (0.1ms)[0m  [1m[36mbegin transaction[0m
  [1m[36mPost Create (4.2ms)[0m  [1m[32mINSERT INTO "posts" ("content", "created_at", "updated_at") VALUES (?, ?, ?)[0m  [["content", "Rails勉強中！"], ["created_at", "2024-02-04 14:52:12.175460"], ["updated_at", "2024-02-04 14:52:12.175460"]]
  [1m[36mTRANSACTION (1.3ms)[0m  [1m[36mcommit transaction[0m
  [1m[36mPost Load (0.6ms)[0m  [1m[34mSELECT "posts".* FROM "posts" WHERE "posts"."id" = ? LIMIT ?[0m  [["id", 3], ["LIMIT", 1]]
Started GET "/posts/1" for ::1 at 2024-02-04 23:57:31 +0900
  [1m[36mActiveRecord::SchemaMigration Pluck (0.5ms)[0m  [1m[34mSELECT "schema_migrations"."version" FROM "schema_migrations" ORDER BY "schema_migrations"."version" ASC[0m
Processing by PostsController#show as HTML
  Parameters: {"id"=>"1"}
  Rendering layout layouts/application.html.erb
  Rendering posts/show.html.erb within layouts/application
  Rendered posts/show.html.erb within layouts/application (Duration: 1.3ms | Allocations: 343)
  Rendered layout layouts/application.html.erb (Duration: 110.7ms | Allocations: 21718)
Completed 200 OK in 126ms (Views: 114.7ms | ActiveRecord: 0.0ms | Allocations: 25863)


Started GET "/posts/2" for ::1 at 2024-02-04 23:57:36 +0900
Processing by PostsController#show as HTML
  Parameters: {"id"=>"2"}
  Rendering layout layouts/application.html.erb
  Rendering posts/show.html.erb within layouts/application
  Rendered posts/show.html.erb within layouts/application (Duration: 0.0ms | Allocations: 9)
  Rendered layout layouts/application.html.erb (Duration: 9.4ms | Allocations: 2937)
Completed 200 OK in 12ms (Views: 10.5ms | ActiveRecord: 0.0ms | Allocations: 3255)


Started GET "/posts/2" for ::1 at 2024-02-04 23:58:52 +0900
Processing by PostsController#show as HTML
  Parameters: {"id"=>"2"}
  Rendering layout layouts/application.html.erb
  Rendering posts/show.html.erb within layouts/application
  Rendered posts/show.html.erb within layouts/application (Duration: 0.4ms | Allocations: 182)
  Rendered layout layouts/application.html.erb (Duration: 8.9ms | Allocations: 3449)
Completed 200 OK in 12ms (Views: 10.8ms | ActiveRecord: 0.0ms | Allocations: 4516)


Started GET "/posts/1" for ::1 at 2024-02-04 23:58:55 +0900
Processing by PostsController#show as HTML
  Parameters: {"id"=>"1"}
  Rendering layout layouts/application.html.erb
  Rendering posts/show.html.erb within layouts/application
  Rendered posts/show.html.erb within layouts/application (Duration: 0.0ms | Allocations: 10)
  Rendered layout layouts/application.html.erb (Duration: 5.1ms | Allocations: 2745)
Completed 200 OK in 7ms (Views: 6.5ms | ActiveRecord: 0.0ms | Allocations: 3032)


Started GET "/posts/1" for ::1 at 2024-02-05 00:01:28 +0900
Processing by PostsController#show as HTML
  Parameters: {"id"=>"1"}
  [1m[36mPost Load (1.4ms)[0m  [1m[34mSELECT "posts".* FROM "posts" WHERE "posts"."id" = ? LIMIT ?[0m  [["id", 1], ["LIMIT", 1]]
  ↳ app/controllers/posts_controller.rb:8:in `show'
  Rendering layout layouts/application.html.erb
  Rendering posts/show.html.erb within layouts/application
  Rendered posts/show.html.erb within layouts/application (Duration: 1.1ms | Allocations: 318)
  Rendered layout layouts/application.html.erb (Duration: 11.2ms | Allocations: 3587)
Completed 200 OK in 38ms (Views: 13.1ms | ActiveRecord: 2.6ms | Allocations: 11835)


Started GET "/posts/2" for ::1 at 2024-02-05 00:01:34 +0900
Processing by PostsController#show as HTML
  Parameters: {"id"=>"2"}
  [1m[36mPost Load (0.1ms)[0m  [1m[34mSELECT "posts".* FROM "posts" WHERE "posts"."id" = ? LIMIT ?[0m  [["id", 2], ["LIMIT", 1]]
  ↳ app/controllers/posts_controller.rb:8:in `show'
  Rendering layout layouts/application.html.erb
  Rendering posts/show.html.erb within layouts/application
  Rendered posts/show.html.erb within layouts/application (Duration: 0.2ms | Allocations: 33)
  Rendered layout layouts/application.html.erb (Duration: 8.6ms | Allocations: 2771)
Completed 200 OK in 12ms (Views: 9.5ms | ActiveRecord: 0.1ms | Allocations: 3593)


Started GET "/" for ::1 at 2024-02-05 00:02:34 +0900
Processing by HomeController#top as HTML
  Rendering layout layouts/application.html.erb
  Rendering home/top.html.erb within layouts/application
  Rendered home/top.html.erb within layouts/application (Duration: 1.1ms | Allocations: 128)
  Rendered layout layouts/application.html.erb (Duration: 15.8ms | Allocations: 3416)
Completed 200 OK in 21ms (Views: 18.6ms | ActiveRecord: 0.0ms | Allocations: 4459)


Started GET "/posts/index" for ::1 at 2024-02-05 00:02:35 +0900
Processing by PostsController#index as HTML
  Rendering layout layouts/application.html.erb
  Rendering posts/index.html.erb within layouts/application
  [1m[36mPost Load (0.3ms)[0m  [1m[34mSELECT "posts".* FROM "posts"[0m
  ↳ app/views/posts/index.html.erb:3
  Rendered posts/index.html.erb within layouts/application (Duration: 2.8ms | Allocations: 1034)
  Rendered layout layouts/application.html.erb (Duration: 8.1ms | Allocations: 3997)
Completed 200 OK in 11ms (Views: 9.5ms | ActiveRecord: 0.3ms | Allocations: 4663)


Started GET "/posts/3" for ::1 at 2024-02-05 00:02:37 +0900
Processing by PostsController#show as HTML
  Parameters: {"id"=>"3"}
  [1m[36mPost Load (0.1ms)[0m  [1m[34mSELECT "posts".* FROM "posts" WHERE "posts"."id" = ? LIMIT ?[0m  [["id", 3], ["LIMIT", 1]]
  ↳ app/controllers/posts_controller.rb:8:in `show'
  Rendering layout layouts/application.html.erb
  Rendering posts/show.html.erb within layouts/application
  Rendered posts/show.html.erb within layouts/application (Duration: 2.8ms | Allocations: 193)
  Rendered layout layouts/application.html.erb (Duration: 8.4ms | Allocations: 2928)
Completed 200 OK in 14ms (Views: 9.7ms | ActiveRecord: 0.1ms | Allocations: 3774)


Started GET "/posts/index" for ::1 at 2024-02-05 00:02:39 +0900
Processing by PostsController#index as HTML
  Rendering layout layouts/application.html.erb
  Rendering posts/index.html.erb within layouts/application
  [1m[36mPost Load (0.2ms)[0m  [1m[34mSELECT "posts".* FROM "posts"[0m
  ↳ app/views/posts/index.html.erb:3
  Rendered posts/index.html.erb within layouts/application (Duration: 2.1ms | Allocations: 662)
  Rendered layout layouts/application.html.erb (Duration: 6.2ms | Allocations: 3413)
Completed 200 OK in 7ms (Views: 6.4ms | ActiveRecord: 0.2ms | Allocations: 3686)


Started GET "/posts/2" for ::1 at 2024-02-05 00:02:41 +0900
Processing by PostsController#show as HTML
  Parameters: {"id"=>"2"}
  [1m[36mPost Load (0.1ms)[0m  [1m[34mSELECT "posts".* FROM "posts" WHERE "posts"."id" = ? LIMIT ?[0m  [["id", 2], ["LIMIT", 1]]
  ↳ app/controllers/posts_controller.rb:8:in `show'
  Rendering layout layouts/application.html.erb
  Rendering posts/show.html.erb within layouts/application
  Rendered posts/show.html.erb within layouts/application (Duration: 0.1ms | Allocations: 33)
  Rendered layout layouts/application.html.erb (Duration: 4.7ms | Allocations: 2772)
Completed 200 OK in 8ms (Views: 5.3ms | ActiveRecord: 0.1ms | Allocations: 3524)


Started GET "/posts/index" for ::1 at 2024-02-05 00:02:43 +0900
Processing by PostsController#index as HTML
  Rendering layout layouts/application.html.erb
  Rendering posts/index.html.erb within layouts/application
  [1m[36mPost Load (0.1ms)[0m  [1m[34mSELECT "posts".* FROM "posts"[0m
  ↳ app/views/posts/index.html.erb:3
  Rendered posts/index.html.erb within layouts/application (Duration: 1.5ms | Allocations: 669)
  Rendered layout layouts/application.html.erb (Duration: 6.1ms | Allocations: 3417)
Completed 200 OK in 7ms (Views: 6.7ms | ActiveRecord: 0.1ms | Allocations: 3692)


Started GET "/posts/4" for ::1 at 2024-02-05 00:02:44 +0900
Processing by PostsController#show as HTML
  Parameters: {"id"=>"4"}
  [1m[36mPost Load (0.1ms)[0m  [1m[34mSELECT "posts".* FROM "posts" WHERE "posts"."id" = ? LIMIT ?[0m  [["id", 4], ["LIMIT", 1]]
  ↳ app/controllers/posts_controller.rb:8:in `show'
  Rendering layout layouts/application.html.erb
  Rendering posts/show.html.erb within layouts/application
  Rendered posts/show.html.erb within layouts/application (Duration: 0.1ms | Allocations: 32)
  Rendered layout layouts/application.html.erb (Duration: 5.0ms | Allocations: 2782)
Completed 200 OK in 7ms (Views: 5.5ms | ActiveRecord: 0.1ms | Allocations: 3516)


Started GET "/posts/index" for ::1 at 2024-02-05 00:02:45 +0900
Processing by PostsController#index as HTML
  Rendering layout layouts/application.html.erb
  Rendering posts/index.html.erb within layouts/application
  [1m[36mPost Load (0.3ms)[0m  [1m[34mSELECT "posts".* FROM "posts"[0m
  ↳ app/views/posts/index.html.erb:3
  Rendered posts/index.html.erb within layouts/application (Duration: 1.4ms | Allocations: 662)
  Rendered layout layouts/application.html.erb (Duration: 15.2ms | Allocations: 3431)
Completed 200 OK in 16ms (Views: 15.5ms | ActiveRecord: 0.3ms | Allocations: 3703)


Started GET "/" for ::1 at 2024-02-05 00:05:43 +0900
Processing by HomeController#top as HTML
  Rendering layout layouts/application.html.erb
  Rendering home/top.html.erb within layouts/application
  Rendered home/top.html.erb within layouts/application (Duration: 1.3ms | Allocations: 130)
  Rendered layout layouts/application.html.erb (Duration: 15.1ms | Allocations: 3442)
Completed 200 OK in 19ms (Views: 17.4ms | ActiveRecord: 0.0ms | Allocations: 4491)


Started GET "/" for ::1 at 2024-02-05 00:05:45 +0900
Processing by HomeController#top as HTML
  Rendering layout layouts/application.html.erb
  Rendering home/top.html.erb within layouts/application
  Rendered home/top.html.erb within layouts/application (Duration: 0.1ms | Allocations: 7)
  Rendered layout layouts/application.html.erb (Duration: 4.3ms | Allocations: 2768)
Completed 200 OK in 6ms (Views: 4.8ms | ActiveRecord: 0.0ms | Allocations: 3044)


Started GET "/about" for ::1 at 2024-02-05 00:05:47 +0900
Processing by HomeController#about as HTML
  Rendering layout layouts/application.html.erb
  Rendering home/about.html.erb within layouts/application
  Rendered home/about.html.erb within layouts/application (Duration: 1.5ms | Allocations: 105)
  Rendered layout layouts/application.html.erb (Duration: 7.2ms | Allocations: 2886)
Completed 200 OK in 9ms (Views: 7.8ms | ActiveRecord: 0.0ms | Allocations: 3199)


Started GET "/posts/index" for ::1 at 2024-02-05 00:05:48 +0900
Processing by PostsController#index as HTML
  Rendering layout layouts/application.html.erb
  Rendering posts/index.html.erb within layouts/application
  [1m[36mPost Load (1.3ms)[0m  [1m[34mSELECT "posts".* FROM "posts"[0m
  ↳ app/views/posts/index.html.erb:3
  Rendered posts/index.html.erb within layouts/application (Duration: 11.3ms | Allocations: 2514)
  Rendered layout layouts/application.html.erb (Duration: 16.6ms | Allocations: 5523)
Completed 200 OK in 22ms (Views: 15.4ms | ActiveRecord: 3.0ms | Allocations: 6963)


Started GET "/posts/new" for ::1 at 2024-02-05 00:05:49 +0900
Processing by PostsController#new as HTML
  Rendering layout layouts/application.html.erb
  Rendering posts/new.html.erb within layouts/application
  Rendered posts/new.html.erb within layouts/application (Duration: 1.6ms | Allocations: 103)
  Rendered layout layouts/application.html.erb (Duration: 6.1ms | Allocations: 2878)
Completed 200 OK in 8ms (Views: 6.8ms | ActiveRecord: 0.0ms | Allocations: 3221)


Started GET "/" for ::1 at 2024-02-05 00:05:51 +0900
Processing by HomeController#top as HTML
  Rendering layout layouts/application.html.erb
  Rendering home/top.html.erb within layouts/application
  Rendered home/top.html.erb within layouts/application (Duration: 0.0ms | Allocations: 7)
  Rendered layout layouts/application.html.erb (Duration: 4.6ms | Allocations: 2780)
Completed 200 OK in 6ms (Views: 5.2ms | ActiveRecord: 0.0ms | Allocations: 3040)


Started GET "/" for ::1 at 2024-02-05 00:06:29 +0900
Processing by HomeController#top as HTML
  Rendering layout layouts/application.html.erb
  Rendering home/top.html.erb within layouts/application
  Rendered home/top.html.erb within layouts/application (Duration: 0.9ms | Allocations: 127)
  Rendered layout layouts/application.html.erb (Duration: 16.8ms | Allocations: 3430)
Completed 200 OK in 20ms (Views: 18.8ms | ActiveRecord: 0.0ms | Allocations: 4340)


Started GET "/posts/new" for ::1 at 2024-02-05 00:06:30 +0900
Processing by PostsController#new as HTML
  Rendering layout layouts/application.html.erb
  Rendering posts/new.html.erb within layouts/application
  Rendered posts/new.html.erb within layouts/application (Duration: 0.8ms | Allocations: 133)
  Rendered layout layouts/application.html.erb (Duration: 7.2ms | Allocations: 3155)
Completed 200 OK in 14ms (Views: 11.0ms | ActiveRecord: 0.0ms | Allocations: 3808)


Started GET "/" for ::1 at 2024-02-05 00:08:14 +0900
Processing by HomeController#top as HTML
  Rendering layout layouts/application.html.erb
  Rendering home/top.html.erb within layouts/application
  Rendered home/top.html.erb within layouts/application (Duration: 0.6ms | Allocations: 127)
  Rendered layout layouts/application.html.erb (Duration: 8.4ms | Allocations: 3449)
Completed 200 OK in 11ms (Views: 10.3ms | ActiveRecord: 0.0ms | Allocations: 4495)


Started GET "/posts/new" for ::1 at 2024-02-05 00:08:17 +0900
Processing by PostsController#new as HTML
  Rendering layout layouts/application.html.erb
  Rendering posts/new.html.erb within layouts/application
  Rendered posts/new.html.erb within layouts/application (Duration: 1.1ms | Allocations: 660)
  Rendered layout layouts/application.html.erb (Duration: 5.4ms | Allocations: 3453)
Completed 200 OK in 8ms (Views: 7.5ms | ActiveRecord: 0.0ms | Allocations: 4222)


Started POST "/posts/create" for ::1 at 2024-02-05 00:08:20 +0900
Processing by PostsController#create as HTML
  Parameters: {"authenticity_token"=>"[FILTERED]"}
No template found for PostsController#create, rendering head :no_content
Completed 204 No Content in 2ms (ActiveRecord: 0.0ms | Allocations: 711)


Started POST "/posts/create" for ::1 at 2024-02-05 00:08:21 +0900
Processing by PostsController#create as HTML
  Parameters: {"authenticity_token"=>"[FILTERED]"}
No template found for PostsController#create, rendering head :no_content
Completed 204 No Content in 2ms (ActiveRecord: 0.0ms | Allocations: 357)


Started GET "/" for ::1 at 2024-02-05 00:08:23 +0900
Processing by HomeController#top as HTML
  Rendering layout layouts/application.html.erb
  Rendering home/top.html.erb within layouts/application
  Rendered home/top.html.erb within layouts/application (Duration: 0.1ms | Allocations: 9)
  Rendered layout layouts/application.html.erb (Duration: 8.0ms | Allocations: 2919)
Completed 200 OK in 9ms (Views: 8.6ms | ActiveRecord: 0.0ms | Allocations: 3217)


Started GET "/" for ::1 at 2024-02-05 00:09:17 +0900
Processing by HomeController#top as HTML
  Rendering layout layouts/application.html.erb
  Rendering home/top.html.erb within layouts/application
  Rendered home/top.html.erb within layouts/application (Duration: 0.0ms | Allocations: 12)
  Rendered layout layouts/application.html.erb (Duration: 13.1ms | Allocations: 3087)
Completed 200 OK in 15ms (Views: 14.0ms | ActiveRecord: 0.0ms | Allocations: 3722)


Started GET "/posts/new" for ::1 at 2024-02-05 00:09:18 +0900
Processing by PostsController#new as HTML
  Rendering layout layouts/application.html.erb
  Rendering posts/new.html.erb within layouts/application
  Rendered posts/new.html.erb within layouts/application (Duration: 0.6ms | Allocations: 437)
  Rendered layout layouts/application.html.erb (Duration: 5.2ms | Allocations: 3235)
Completed 200 OK in 7ms (Views: 6.3ms | ActiveRecord: 0.0ms | Allocations: 3862)


Started POST "/posts/create" for ::1 at 2024-02-05 00:09:24 +0900
Processing by PostsController#create as HTML
  Parameters: {"authenticity_token"=>"[FILTERED]"}
Redirected to http://localhost:3000/posts/index
Completed 302 Found in 2ms (ActiveRecord: 0.0ms | Allocations: 444)


Started GET "/posts/index" for ::1 at 2024-02-05 00:09:24 +0900
Processing by PostsController#index as HTML
  Rendering layout layouts/application.html.erb
  Rendering posts/index.html.erb within layouts/application
  [1m[36mPost Load (0.5ms)[0m  [1m[34mSELECT "posts".* FROM "posts"[0m
  ↳ app/views/posts/index.html.erb:3
  Rendered posts/index.html.erb within layouts/application (Duration: 7.5ms | Allocations: 2540)
  Rendered layout layouts/application.html.erb (Duration: 12.3ms | Allocations: 5496)
Completed 200 OK in 17ms (Views: 11.0ms | ActiveRecord: 1.8ms | Allocations: 6572)


Started GET "/" for ::1 at 2024-02-05 00:10:41 +0900
Processing by HomeController#top as HTML
  Rendering layout layouts/application.html.erb
  Rendering home/top.html.erb within layouts/application
  Rendered home/top.html.erb within layouts/application (Duration: 1.6ms | Allocations: 127)
  Rendered layout layouts/application.html.erb (Duration: 14.0ms | Allocations: 3437)
Completed 200 OK in 18ms (Views: 16.3ms | ActiveRecord: 0.0ms | Allocations: 4486)


Started GET "/posts/new" for ::1 at 2024-02-05 00:10:42 +0900
Processing by PostsController#new as HTML
  Rendering layout layouts/application.html.erb
  Rendering posts/new.html.erb within layouts/application
  Rendered posts/new.html.erb within layouts/application (Duration: 1.9ms | Allocations: 609)
  Rendered layout layouts/application.html.erb (Duration: 9.4ms | Allocations: 3402)
Completed 200 OK in 12ms (Views: 11.4ms | ActiveRecord: 0.0ms | Allocations: 4171)


Started POST "/posts/create" for ::1 at 2024-02-05 00:10:49 +0900
Processing by PostsController#create as HTML
  Parameters: {"authenticity_token"=>"[FILTERED]", "content"=>"明日"}
  [1m[36mTRANSACTION (0.0ms)[0m  [1m[36mbegin transaction[0m
  ↳ app/controllers/posts_controller.rb:16:in `create'
  [1m[36mPost Create (4.7ms)[0m  [1m[32mINSERT INTO "posts" ("content", "created_at", "updated_at") VALUES (?, ?, ?)[0m  [["content", "明日"], ["created_at", "2024-02-04 15:10:49.276294"], ["updated_at", "2024-02-04 15:10:49.276294"]]
  ↳ app/controllers/posts_controller.rb:16:in `create'
  [1m[36mTRANSACTION (1.2ms)[0m  [1m[36mcommit transaction[0m
  ↳ app/controllers/posts_controller.rb:16:in `create'
Redirected to http://localhost:3000/posts/index
Completed 302 Found in 23ms (ActiveRecord: 7.5ms | Allocations: 5244)


Started GET "/posts/index" for ::1 at 2024-02-05 00:10:49 +0900
Processing by PostsController#index as HTML
  Rendering layout layouts/application.html.erb
  Rendering posts/index.html.erb within layouts/application
  [1m[36mPost Load (0.2ms)[0m  [1m[34mSELECT "posts".* FROM "posts"[0m
  ↳ app/views/posts/index.html.erb:3
  Rendered posts/index.html.erb within layouts/application (Duration: 3.6ms | Allocations: 1012)
  Rendered layout layouts/application.html.erb (Duration: 8.1ms | Allocations: 3918)
Completed 200 OK in 10ms (Views: 8.5ms | ActiveRecord: 0.2ms | Allocations: 4358)


Started GET "/" for ::1 at 2024-02-05 00:12:09 +0900
Processing by HomeController#top as HTML
  Rendering layout layouts/application.html.erb
  Rendering home/top.html.erb within layouts/application
  Rendered home/top.html.erb within layouts/application (Duration: 0.0ms | Allocations: 12)
  Rendered layout layouts/application.html.erb (Duration: 6.2ms | Allocations: 3066)
Completed 200 OK in 8ms (Views: 7.3ms | ActiveRecord: 0.0ms | Allocations: 3701)


Started GET "/posts/new" for ::1 at 2024-02-05 00:12:11 +0900
Processing by PostsController#new as HTML
  Rendering layout layouts/application.html.erb
  Rendering posts/new.html.erb within layouts/application
  Rendered posts/new.html.erb within layouts/application (Duration: 0.7ms | Allocations: 431)
  Rendered layout layouts/application.html.erb (Duration: 4.7ms | Allocations: 3224)
Completed 200 OK in 7ms (Views: 6.0ms | ActiveRecord: 0.0ms | Allocations: 3851)


Started POST "/posts/create" for ::1 at 2024-02-05 00:12:16 +0900
Processing by PostsController#create as HTML
  Parameters: {"authenticity_token"=>"[FILTERED]", "content"=>"やっとできた"}
  [1m[36mTRANSACTION (0.1ms)[0m  [1m[36mbegin transaction[0m
  ↳ app/controllers/posts_controller.rb:16:in `create'
  [1m[36mPost Create (0.7ms)[0m  [1m[32mINSERT INTO "posts" ("content", "created_at", "updated_at") VALUES (?, ?, ?)[0m  [["content", "やっとできた"], ["created_at", "2024-02-04 15:12:16.637194"], ["updated_at", "2024-02-04 15:12:16.637194"]]
  ↳ app/controllers/posts_controller.rb:16:in `create'
  [1m[36mTRANSACTION (0.9ms)[0m  [1m[36mcommit transaction[0m
  ↳ app/controllers/posts_controller.rb:16:in `create'
Redirected to http://localhost:3000/posts/index
Completed 302 Found in 21ms (ActiveRecord: 2.5ms | Allocations: 4425)


Started GET "/posts/index" for ::1 at 2024-02-05 00:12:16 +0900
Processing by PostsController#index as HTML
  Rendering layout layouts/application.html.erb
  Rendering posts/index.html.erb within layouts/application
  [1m[36mPost Load (1.5ms)[0m  [1m[34mSELECT "posts".* FROM "posts" ORDER BY "posts"."created_at" DESC[0m
  ↳ app/views/posts/index.html.erb:3
  Rendered posts/index.html.erb within layouts/application (Duration: 3.9ms | Allocations: 857)
  Rendered layout layouts/application.html.erb (Duration: 9.0ms | Allocations: 3800)
Completed 200 OK in 13ms (Views: 8.7ms | ActiveRecord: 1.5ms | Allocations: 4244)


Started GET "/" for ::1 at 2024-02-05 00:13:38 +0900
Processing by HomeController#top as HTML
  Rendering layout layouts/application.html.erb
  Rendering home/top.html.erb within layouts/application
  Rendered home/top.html.erb within layouts/application (Duration: 0.1ms | Allocations: 12)
  Rendered layout layouts/application.html.erb (Duration: 8.5ms | Allocations: 3073)
Completed 200 OK in 12ms (Views: 10.5ms | ActiveRecord: 0.0ms | Allocations: 3706)


Started GET "/about" for ::1 at 2024-02-05 00:13:40 +0900
Processing by HomeController#about as HTML
  Rendering layout layouts/application.html.erb
  Rendering home/about.html.erb within layouts/application
  Rendered home/about.html.erb within layouts/application (Duration: 1.4ms | Allocations: 126)
  Rendered layout layouts/application.html.erb (Duration: 5.6ms | Allocations: 2880)
Completed 200 OK in 8ms (Views: 6.2ms | ActiveRecord: 0.0ms | Allocations: 3229)


Started GET "/" for ::1 at 2024-02-05 00:13:41 +0900
Processing by HomeController#top as HTML
  Rendering layout layouts/application.html.erb
  Rendering home/top.html.erb within layouts/application
  Rendered home/top.html.erb within layouts/application (Duration: 0.1ms | Allocations: 7)
  Rendered layout layouts/application.html.erb (Duration: 9.3ms | Allocations: 2771)
Completed 200 OK in 11ms (Views: 10.4ms | ActiveRecord: 0.0ms | Allocations: 3030)


Started GET "/posts/index" for ::1 at 2024-02-05 00:13:42 +0900
Processing by PostsController#index as HTML
  Rendering layout layouts/application.html.erb
  Rendering posts/index.html.erb within layouts/application
  [1m[36mPost Load (0.4ms)[0m  [1m[34mSELECT "posts".* FROM "posts" ORDER BY "posts"."created_at" DESC[0m
  ↳ app/views/posts/index.html.erb:3
  Rendered posts/index.html.erb within layouts/application (Duration: 5.5ms | Allocations: 1956)
  Rendered layout layouts/application.html.erb (Duration: 11.4ms | Allocations: 4966)
Completed 200 OK in 22ms (Views: 13.5ms | ActiveRecord: 1.9ms | Allocations: 6796)


Started GET "/posts/new" for ::1 at 2024-02-05 00:13:43 +0900
Processing by PostsController#new as HTML
  Rendering layout layouts/application.html.erb
  Rendering posts/new.html.erb within layouts/application
  Rendered posts/new.html.erb within layouts/application (Duration: 0.7ms | Allocations: 347)
  Rendered layout layouts/application.html.erb (Duration: 5.9ms | Allocations: 2957)
Completed 200 OK in 7ms (Views: 6.5ms | ActiveRecord: 0.0ms | Allocations: 3233)


Started POST "/posts/create" for ::1 at 2024-02-05 00:13:54 +0900
Processing by PostsController#create as HTML
  Parameters: {"authenticity_token"=>"[FILTERED]", "content"=>"やっと寝れる"}
  [1m[36mTRANSACTION (0.1ms)[0m  [1m[36mbegin transaction[0m
  ↳ app/controllers/posts_controller.rb:15:in `create'
  [1m[36mPost Create (0.5ms)[0m  [1m[32mINSERT INTO "posts" ("content", "created_at", "updated_at") VALUES (?, ?, ?)[0m  [["content", "やっと寝れる"], ["created_at", "2024-02-04 15:13:54.892958"], ["updated_at", "2024-02-04 15:13:54.892958"]]
  ↳ app/controllers/posts_controller.rb:15:in `create'
  [1m[36mTRANSACTION (1.2ms)[0m  [1m[36mcommit transaction[0m
  ↳ app/controllers/posts_controller.rb:15:in `create'
Redirected to http://localhost:3000/posts/index
Completed 302 Found in 8ms (ActiveRecord: 1.7ms | Allocations: 2248)


Started GET "/posts/index" for ::1 at 2024-02-05 00:13:54 +0900
Processing by PostsController#index as HTML
  Rendering layout layouts/application.html.erb
  Rendering posts/index.html.erb within layouts/application
  [1m[36mPost Load (0.2ms)[0m  [1m[34mSELECT "posts".* FROM "posts" ORDER BY "posts"."created_at" DESC[0m
  ↳ app/views/posts/index.html.erb:3
  Rendered posts/index.html.erb within layouts/application (Duration: 1.9ms | Allocations: 755)
  Rendered layout layouts/application.html.erb (Duration: 8.6ms | Allocations: 3508)
Completed 200 OK in 10ms (Views: 9.2ms | ActiveRecord: 0.2ms | Allocations: 3819)


Started GET "/" for ::1 at 2024-02-05 00:17:28 +0900
Processing by HomeController#top as HTML
  Rendering layout layouts/application.html.erb
  Rendering home/top.html.erb within layouts/application
  Rendered home/top.html.erb within layouts/application (Duration: 1.2ms | Allocations: 130)
  Rendered layout layouts/application.html.erb (Duration: 6.4ms | Allocations: 3470)
Completed 200 OK in 9ms (Views: 8.0ms | ActiveRecord: 0.0ms | Allocations: 4521)


Started GET "/" for ::1 at 2024-02-05 00:19:07 +0900
Processing by HomeController#top as HTML
  Rendering layout layouts/application.html.erb
  Rendering home/top.html.erb within layouts/application
  Rendered home/top.html.erb within layouts/application (Duration: 0.0ms | Allocations: 12)
  Rendered layout layouts/application.html.erb (Duration: 5.7ms | Allocations: 3084)
Completed 200 OK in 7ms (Views: 6.6ms | ActiveRecord: 0.0ms | Allocations: 3719)


